# JRE version: Java(TM) SE Runtime Environment (8.0_201-b09) (build 1.8.0_201-b09)
# Java VM: Java HotSpot(TM) 64-Bit Server VM (25.201-b09 mixed mode windows-amd64 compressed oops)
Heap:
 PSYoungGen      total 146432K, used 146432K [0x00000000eb200000, 0x00000000fb400000, 0x0000000100000000)
  eden space 57344K, 100% used [0x00000000eb200000,0x00000000eea00000,0x00000000eea00000)
  from space 89088K, 100% used [0x00000000f5d00000,0x00000000fb400000,0x00000000fb400000)
  to   space 56832K, 100% used [0x00000000eea00000,0x00000000f2180000,0x00000000f2180000)
 ParOldGen       total 273408K, used 273407K [0x00000000c1600000, 0x00000000d2100000, 0x00000000eb200000)
  object space 273408K, 99% used [0x00000000c1600000,0x00000000d20fff28,0x00000000d2100000)
 Metaspace       used 2475K, capacity 4500K, committed 4864K, reserved 1056768K
  class space    used 275K, capacity 388K, committed 512K, reserved 1048576K
GC Heap History (10 events):
Event: 11.484 GC heap after
Heap after GC invocations=7 (full 2):
 PSYoungGen      total 48128K, used 2560K [0x00000000eb200000, 0x00000000f5380000, 0x0000000100000000)
  eden space 45568K, 0% used [0x00000000eb200000,0x00000000eb200000,0x00000000ede80000)
  from space 2560K, 100% used [0x00000000ede80000,0x00000000ee100000,0x00000000ee100000)
  to   space 51200K, 0% used [0x00000000f2180000,0x00000000f2180000,0x00000000f5380000)
 ParOldGen       total 151040K, used 138553K [0x00000000c1600000, 0x00000000ca980000, 0x00000000eb200000)
  object space 151040K, 91% used [0x00000000c1600000,0x00000000c9d4e728,0x00000000ca980000)
 Metaspace       used 2475K, capacity 4500K, committed 4864K, reserved 1056768K
  class space    used 275K, capacity 388K, committed 512K, reserved 1048576K
}
Event: 11.484 GC heap before
{Heap before GC invocations=8 (full 3):
 PSYoungGen      total 48128K, used 2560K [0x00000000eb200000, 0x00000000f5380000, 0x0000000100000000)
  eden space 45568K, 0% used [0x00000000eb200000,0x00000000eb200000,0x00000000ede80000)
  from space 2560K, 100% used [0x00000000ede80000,0x00000000ee100000,0x00000000ee100000)
  to   space 51200K, 0% used [0x00000000f2180000,0x00000000f2180000,0x00000000f5380000)
 ParOldGen       total 151040K, used 138553K [0x00000000c1600000, 0x00000000ca980000, 0x00000000eb200000)
  object space 151040K, 91% used [0x00000000c1600000,0x00000000c9d4e728,0x00000000ca980000)
 Metaspace       used 2475K, capacity 4500K, committed 4864K, reserved 1056768K
  class space    used 275K, capacity 388K, committed 512K, reserved 1048576K
Event: 26.771 GC heap after
Heap after GC invocations=8 (full 3):
 PSYoungGen      total 48128K, used 0K [0x00000000eb200000, 0x00000000f5380000, 0x0000000100000000)
  eden space 45568K, 0% used [0x00000000eb200000,0x00000000eb200000,0x00000000ede80000)
  from space 2560K, 0% used [0x00000000ede80000,0x00000000ede80000,0x00000000ee100000)
  to   space 51200K, 0% used [0x00000000f2180000,0x00000000f2180000,0x00000000f5380000)
 ParOldGen       total 271360K, used 140815K [0x00000000c1600000, 0x00000000d1f00000, 0x00000000eb200000)
  object space 271360K, 51% used [0x00000000c1600000,0x00000000c9f83f28,0x00000000d1f00000)
 Metaspace       used 2475K, capacity 4500K, committed 4864K, reserved 1056768K
  class space    used 275K, capacity 388K, committed 512K, reserved 1048576K
}
Event: 26.954 GC heap before
{Heap before GC invocations=9 (full 3):
 PSYoungGen      total 48128K, used 45568K [0x00000000eb200000, 0x00000000f5380000, 0x0000000100000000)
  eden space 45568K, 100% used [0x00000000eb200000,0x00000000ede80000,0x00000000ede80000)
  from space 2560K, 0% used [0x00000000ede80000,0x00000000ede80000,0x00000000ee100000)
  to   space 51200K, 0% used [0x00000000f2180000,0x00000000f2180000,0x00000000f5380000)
 ParOldGen       total 271360K, used 140815K [0x00000000c1600000, 0x00000000d1f00000, 0x00000000eb200000)
  object space 271360K, 51% used [0x00000000c1600000,0x00000000c9f83f28,0x00000000d1f00000)
 Metaspace       used 2475K, capacity 4500K, committed 4864K, reserved 1056768K
  class space    used 275K, capacity 388K, committed 512K, reserved 1048576K
Event: 27.473 GC heap after
Heap after GC invocations=9 (full 3):
 PSYoungGen      total 108544K, used 45664K [0x00000000eb200000, 0x00000000f5d80000, 0x0000000100000000)
  eden space 57344K, 0% used [0x00000000eb200000,0x00000000eb200000,0x00000000eea00000)
  from space 51200K, 89% used [0x00000000f2180000,0x00000000f4e18000,0x00000000f5380000)
  to   space 56832K, 0% used [0x00000000eea00000,0x00000000eea00000,0x00000000f2180000)
 ParOldGen       total 271360K, used 140815K [0x00000000c1600000, 0x00000000d1f00000, 0x00000000eb200000)
  object space 271360K, 51% used [0x00000000c1600000,0x00000000c9f83f28,0x00000000d1f00000)
 Metaspace       used 2475K, capacity 4500K, committed 4864K, reserved 1056768K
  class space    used 275K, capacity 388K, committed 512K, reserved 1048576K
}
Event: 27.634 GC heap before
{Heap before GC invocations=10 (full 3):
 PSYoungGen      total 108544K, used 103008K [0x00000000eb200000, 0x00000000f5d80000, 0x0000000100000000)
  eden space 57344K, 100% used [0x00000000eb200000,0x00000000eea00000,0x00000000eea00000)
  from space 51200K, 89% used [0x00000000f2180000,0x00000000f4e18000,0x00000000f5380000)
  to   space 56832K, 0% used [0x00000000eea00000,0x00000000eea00000,0x00000000f2180000)
 ParOldGen       total 271360K, used 140815K [0x00000000c1600000, 0x00000000d1f00000, 0x00000000eb200000)
  object space 271360K, 51% used [0x00000000c1600000,0x00000000c9f83f28,0x00000000d1f00000)
 Metaspace       used 2475K, capacity 4500K, committed 4864K, reserved 1056768K
  class space    used 275K, capacity 388K, committed 512K, reserved 1048576K
Event: 29.644 GC heap after
Heap after GC invocations=10 (full 3):
 PSYoungGen      total 114176K, used 56832K [0x00000000eb200000, 0x00000000fb400000, 0x0000000100000000)
  eden space 57344K, 0% used [0x00000000eb200000,0x00000000eb200000,0x00000000eea00000)
  from space 56832K, 100% used [0x00000000eea00000,0x00000000f2180000,0x00000000f2180000)
  to   space 89088K, 0% used [0x00000000f5d00000,0x00000000f5d00000,0x00000000fb400000)
 ParOldGen       total 271360K, used 187135K [0x00000000c1600000, 0x00000000d1f00000, 0x00000000eb200000)
  object space 271360K, 68% used [0x00000000c1600000,0x00000000cccbff28,0x00000000d1f00000)
 Metaspace       used 2475K, capacity 4500K, committed 4864K, reserved 1056768K
  class space    used 275K, capacity 388K, committed 512K, reserved 1048576K
}
Event: 29.749 GC heap before
{Heap before GC invocations=11 (full 3):
 PSYoungGen      total 114176K, used 114176K [0x00000000eb200000, 0x00000000fb400000, 0x0000000100000000)
  eden space 57344K, 100% used [0x00000000eb200000,0x00000000eea00000,0x00000000eea00000)
  from space 56832K, 100% used [0x00000000eea00000,0x00000000f2180000,0x00000000f2180000)
  to   space 89088K, 0% used [0x00000000f5d00000,0x00000000f5d00000,0x00000000fb400000)
 ParOldGen       total 271360K, used 187135K [0x00000000c1600000, 0x00000000d1f00000, 0x00000000eb200000)
  object space 271360K, 68% used [0x00000000c1600000,0x00000000cccbff28,0x00000000d1f00000)
 Metaspace       used 2475K, capacity 4500K, committed 4864K, reserved 1056768K
  class space    used 275K, capacity 388K, committed 512K, reserved 1048576K
Event: 31.396 GC heap after
Heap after GC invocations=11 (full 3):
 PSYoungGen      total 146432K, used 89088K [0x00000000eb200000, 0x00000000fb400000, 0x0000000100000000)
  eden space 57344K, 0% used [0x00000000eb200000,0x00000000eb200000,0x00000000eea00000)
  from space 89088K, 100% used [0x00000000f5d00000,0x00000000fb400000,0x00000000fb400000)
  to   space 56832K, 0% used [0x00000000eea00000,0x00000000eea00000,0x00000000f2180000)
 ParOldGen       total 271360K, used 212359K [0x00000000c1600000, 0x00000000d1f00000, 0x00000000eb200000)
  object space 271360K, 78% used [0x00000000c1600000,0x00000000ce561f28,0x00000000d1f00000)
 Metaspace       used 2475K, capacity 4500K, committed 4864K, reserved 1056768K
  class space    used 275K, capacity 388K, committed 512K, reserved 1048576K
}
Event: 31.506 GC heap before
{Heap before GC invocations=12 (full 3):
 PSYoungGen      total 146432K, used 146432K [0x00000000eb200000, 0x00000000fb400000, 0x0000000100000000)
  eden space 57344K, 100% used [0x00000000eb200000,0x00000000eea00000,0x00000000eea00000)
  from space 89088K, 100% used [0x00000000f5d00000,0x00000000fb400000,0x00000000fb400000)
  to   space 56832K, 0% used [0x00000000eea00000,0x00000000eea00000,0x00000000f2180000)
 ParOldGen       total 271360K, used 212359K [0x00000000c1600000, 0x00000000d1f00000, 0x00000000eb200000)
  object space 271360K, 78% used [0x00000000c1600000,0x00000000ce561f28,0x00000000d1f00000)
 Metaspace       used 2475K, capacity 4500K, committed 4864K, reserved 1056768K
  class space    used 275K, capacity 388K, committed 512K, reserved 1048576K

